TN:
SF:src\index.ts
FN:13,(anonymous_5)
FN:48,(anonymous_6)
FN:50,(anonymous_7)
FN:51,(anonymous_8)
FN:52,(anonymous_9)
FN:53,(anonymous_10)
FN:60,(anonymous_11)
FN:86,(anonymous_12)
FN:101,(anonymous_13)
FN:124,(anonymous_14)
FN:139,(anonymous_15)
FN:149,(anonymous_16)
FN:158,(anonymous_17)
FNF:13
FNH:7
FNDA:8,(anonymous_5)
FNDA:6,(anonymous_6)
FNDA:9,(anonymous_7)
FNDA:0,(anonymous_8)
FNDA:0,(anonymous_9)
FNDA:1,(anonymous_10)
FNDA:0,(anonymous_11)
FNDA:0,(anonymous_12)
FNDA:0,(anonymous_13)
FNDA:0,(anonymous_14)
FNDA:1,(anonymous_15)
FNDA:2,(anonymous_16)
FNDA:1,(anonymous_17)
DA:1,1
DA:2,1
DA:15,8
DA:16,1
DA:20,7
DA:23,7
DA:24,6
DA:25,6
DA:26,6
DA:28,0
DA:29,0
DA:34,7
DA:35,2
DA:36,2
DA:37,2
DA:39,0
DA:40,0
DA:49,6
DA:50,9
DA:51,0
DA:52,0
DA:53,1
DA:61,0
DA:62,0
DA:65,0
DA:66,0
DA:67,0
DA:68,0
DA:69,0
DA:70,0
DA:73,0
DA:74,0
DA:79,0
DA:80,0
DA:81,0
DA:82,0
DA:86,0
DA:88,0
DA:89,0
DA:90,0
DA:92,0
DA:93,0
DA:94,0
DA:102,0
DA:103,0
DA:106,0
DA:107,0
DA:108,0
DA:109,0
DA:110,0
DA:111,0
DA:114,0
DA:115,0
DA:120,0
DA:121,0
DA:124,0
DA:126,0
DA:127,0
DA:128,0
DA:130,0
DA:131,0
DA:132,0
DA:140,1
DA:150,2
DA:151,2
DA:152,2
DA:163,1
DA:164,1
DA:176,1
DA:177,1
DA:179,0
DA:180,0
DA:181,0
DA:186,1
DA:187,1
DA:188,1
LF:76
LH:27
BRDA:15,0,0,1
BRDA:15,1,0,8
BRDA:15,1,1,2
BRDA:20,2,0,7
BRDA:20,2,1,6
BRDA:23,3,0,6
BRDA:34,4,0,2
BRDA:65,5,0,0
BRDA:69,6,0,0
BRDA:70,7,0,0
BRDA:70,7,1,0
BRDA:74,8,0,0
BRDA:74,8,1,0
BRDA:79,9,0,0
BRDA:81,10,0,0
BRDA:88,11,0,0
BRDA:88,11,1,0
BRDA:106,12,0,0
BRDA:110,13,0,0
BRDA:111,14,0,0
BRDA:111,14,1,0
BRDA:115,15,0,0
BRDA:115,15,1,0
BRDA:120,16,0,0
BRDA:126,17,0,0
BRDA:126,17,1,0
BRDA:150,18,0,2
BRDA:150,18,1,0
BRDA:151,19,0,0
BRDA:151,19,1,2
BRDA:152,20,0,2
BRDA:152,20,1,0
BRDA:165,21,0,1
BRDA:165,21,1,0
BRDA:169,22,0,0
BRDA:169,22,1,1
BRDA:181,23,0,0
BRDA:181,23,1,0
BRF:38
BRH:12
end_of_record
TN:
SF:src\firebase\index.ts
FN:21,(anonymous_1)
FN:48,(anonymous_2)
FN:50,(anonymous_3)
FN:51,(anonymous_4)
FN:52,(anonymous_5)
FN:53,(anonymous_6)
FN:60,(anonymous_7)
FN:67,(anonymous_8)
FN:74,(anonymous_9)
FN:103,(anonymous_10)
FN:128,(anonymous_11)
FN:152,(anonymous_12)
FN:173,(anonymous_13)
FN:197,(anonymous_14)
FN:236,(anonymous_15)
FN:253,(anonymous_16)
FN:287,(anonymous_17)
FN:292,(anonymous_18)
FN:310,(anonymous_19)
FN:319,(anonymous_20)
FN:326,(anonymous_21)
FN:337,(anonymous_22)
FN:345,(anonymous_23)
FN:354,(anonymous_24)
FN:361,(anonymous_25)
FN:406,(anonymous_26)
FNF:26
FNH:18
FNDA:21,(anonymous_1)
FNDA:18,(anonymous_2)
FNDA:18,(anonymous_3)
FNDA:2,(anonymous_4)
FNDA:0,(anonymous_5)
FNDA:12,(anonymous_6)
FNDA:2,(anonymous_7)
FNDA:15,(anonymous_8)
FNDA:3,(anonymous_9)
FNDA:1,(anonymous_10)
FNDA:1,(anonymous_11)
FNDA:1,(anonymous_12)
FNDA:1,(anonymous_13)
FNDA:3,(anonymous_14)
FNDA:3,(anonymous_15)
FNDA:1,(anonymous_16)
FNDA:0,(anonymous_17)
FNDA:0,(anonymous_18)
FNDA:0,(anonymous_19)
FNDA:0,(anonymous_20)
FNDA:1,(anonymous_21)
FNDA:0,(anonymous_22)
FNDA:0,(anonymous_23)
FNDA:0,(anonymous_24)
FNDA:1,(anonymous_25)
FNDA:1,(anonymous_26)
DA:1,2
DA:2,2
DA:18,21
DA:19,21
DA:22,21
DA:24,21
DA:26,21
DA:27,21
DA:34,21
DA:35,21
DA:36,21
DA:37,21
DA:39,0
DA:40,0
DA:41,0
DA:49,18
DA:50,18
DA:51,2
DA:52,0
DA:53,12
DA:61,2
DA:68,15
DA:77,3
DA:78,3
DA:79,0
DA:82,3
DA:83,3
DA:85,2
DA:86,1
DA:87,1
DA:88,1
DA:90,1
DA:91,1
DA:94,1
DA:95,1
DA:96,1
DA:108,1
DA:109,1
DA:110,0
DA:113,1
DA:114,1
DA:116,1
DA:117,1
DA:119,0
DA:120,0
DA:121,0
DA:132,1
DA:133,1
DA:134,0
DA:137,1
DA:138,1
DA:140,1
DA:141,1
DA:143,0
DA:144,0
DA:145,0
DA:153,1
DA:154,1
DA:155,0
DA:158,1
DA:159,1
DA:161,1
DA:162,1
DA:164,0
DA:165,0
DA:166,0
DA:177,1
DA:178,1
DA:179,0
DA:182,1
DA:183,1
DA:185,1
DA:186,1
DA:188,0
DA:189,0
DA:190,0
DA:206,3
DA:207,3
DA:208,0
DA:211,3
DA:214,3
DA:215,1
DA:216,1
DA:221,3
DA:222,1
DA:226,3
DA:227,1
DA:231,3
DA:232,0
DA:235,3
DA:236,3
DA:241,2
DA:242,2
DA:244,1
DA:245,1
DA:246,1
DA:262,1
DA:263,1
DA:264,0
DA:267,1
DA:270,1
DA:271,0
DA:272,0
DA:277,1
DA:278,0
DA:282,1
DA:283,0
DA:286,1
DA:288,0
DA:289,0
DA:290,0
DA:292,0
DA:293,0
DA:295,0
DA:297,0
DA:298,0
DA:300,0
DA:301,0
DA:303,0
DA:304,0
DA:308,0
DA:311,0
DA:315,1
DA:316,1
DA:318,0
DA:319,0
DA:330,1
DA:331,1
DA:332,0
DA:335,1
DA:336,1
DA:338,0
DA:339,0
DA:340,0
DA:342,0
DA:346,0
DA:350,1
DA:351,1
DA:353,0
DA:354,0
DA:369,1
DA:370,1
DA:371,0
DA:374,1
DA:376,1
DA:377,3
DA:379,3
DA:381,1
DA:382,1
DA:384,1
DA:385,1
DA:387,1
DA:388,1
DA:392,1
DA:394,1
DA:395,1
DA:397,0
DA:398,0
DA:399,0
DA:409,1
DA:410,1
DA:411,0
DA:414,1
DA:416,1
DA:417,1
DA:419,0
DA:420,0
DA:421,0
DA:426,2
LF:169
LH:109
BRDA:22,0,0,21
BRDA:22,0,1,18
BRDA:26,1,0,21
BRDA:68,2,0,15
BRDA:68,2,1,15
BRDA:78,3,0,0
BRDA:85,4,0,1
BRDA:85,4,1,1
BRDA:96,5,0,1
BRDA:96,5,1,0
BRDA:106,6,0,1
BRDA:109,7,0,0
BRDA:121,8,0,0
BRDA:121,8,1,0
BRDA:133,9,0,0
BRDA:145,10,0,0
BRDA:145,10,1,0
BRDA:154,11,0,0
BRDA:166,12,0,0
BRDA:166,12,1,0
BRDA:178,13,0,0
BRDA:190,14,0,0
BRDA:190,14,1,0
BRDA:199,15,0,2
BRDA:207,16,0,0
BRDA:214,17,0,1
BRDA:221,18,0,1
BRDA:222,19,0,1
BRDA:222,19,1,0
BRDA:226,20,0,1
BRDA:231,21,0,0
BRDA:246,22,0,1
BRDA:246,22,1,0
BRDA:256,23,0,1
BRDA:263,24,0,0
BRDA:270,25,0,0
BRDA:277,26,0,0
BRDA:278,27,0,0
BRDA:278,27,1,0
BRDA:282,28,0,0
BRDA:295,29,0,0
BRDA:295,29,1,0
BRDA:295,29,2,0
BRDA:331,30,0,0
BRDA:338,31,0,0
BRDA:338,31,1,0
BRDA:370,32,0,0
BRDA:379,33,0,1
BRDA:379,33,1,1
BRDA:379,33,2,1
BRDA:381,34,0,1
BRDA:381,34,1,1
BRDA:399,35,0,0
BRDA:399,35,1,0
BRDA:410,36,0,0
BRDA:421,37,0,0
BRDA:421,37,1,0
BRF:57
BRH:21
end_of_record
TN:
SF:src\mongo\index.ts
FN:27,(anonymous_0)
FN:48,(anonymous_1)
FN:50,(anonymous_2)
FN:51,(anonymous_3)
FN:52,(anonymous_4)
FN:53,(anonymous_5)
FN:60,(anonymous_6)
FN:61,(anonymous_7)
FN:65,(anonymous_8)
FN:69,(anonymous_9)
FN:74,(anonymous_10)
FN:79,(anonymous_11)
FN:88,(anonymous_12)
FN:111,(anonymous_13)
FN:129,(anonymous_14)
FN:136,(anonymous_15)
FN:143,(anonymous_16)
FN:153,(anonymous_17)
FN:182,(anonymous_18)
FN:194,(anonymous_19)
FN:212,(anonymous_20)
FN:243,(anonymous_21)
FN:267,(anonymous_22)
FN:300,(anonymous_23)
FN:333,(anonymous_24)
FN:362,(anonymous_25)
FN:391,(anonymous_26)
FN:415,(anonymous_27)
FN:438,(anonymous_28)
FN:445,(anonymous_29)
FN:453,(anonymous_30)
FN:460,(anonymous_31)
FNF:32
FNH:19
FNDA:23,(anonymous_0)
FNDA:16,(anonymous_1)
FNDA:24,(anonymous_2)
FNDA:5,(anonymous_3)
FNDA:0,(anonymous_4)
FNDA:7,(anonymous_5)
FNDA:23,(anonymous_6)
FNDA:0,(anonymous_7)
FNDA:0,(anonymous_8)
FNDA:0,(anonymous_9)
FNDA:0,(anonymous_10)
FNDA:0,(anonymous_11)
FNDA:11,(anonymous_12)
FNDA:2,(anonymous_13)
FNDA:3,(anonymous_14)
FNDA:13,(anonymous_15)
FNDA:9,(anonymous_16)
FNDA:3,(anonymous_17)
FNDA:1,(anonymous_18)
FNDA:2,(anonymous_19)
FNDA:2,(anonymous_20)
FNDA:1,(anonymous_21)
FNDA:1,(anonymous_22)
FNDA:0,(anonymous_23)
FNDA:1,(anonymous_24)
FNDA:0,(anonymous_25)
FNDA:1,(anonymous_26)
FNDA:0,(anonymous_27)
FNDA:0,(anonymous_28)
FNDA:0,(anonymous_29)
FNDA:0,(anonymous_30)
FNDA:0,(anonymous_31)
DA:1,2
DA:2,2
DA:20,23
DA:23,23
DA:24,23
DA:25,23
DA:28,23
DA:29,23
DA:31,23
DA:41,23
DA:42,23
DA:49,16
DA:50,24
DA:51,5
DA:52,0
DA:53,7
DA:61,23
DA:62,0
DA:65,23
DA:66,0
DA:69,23
DA:70,0
DA:71,0
DA:74,23
DA:75,0
DA:76,0
DA:79,23
DA:80,0
DA:81,0
DA:89,11
DA:90,11
DA:91,11
DA:93,11
DA:94,10
DA:95,10
DA:96,10
DA:98,10
DA:99,10
DA:101,1
DA:102,1
DA:103,1
DA:104,1
DA:112,2
DA:113,2
DA:114,2
DA:115,1
DA:116,1
DA:117,1
DA:118,1
DA:120,1
DA:121,1
DA:122,1
DA:130,3
DA:137,13
DA:144,9
DA:145,0
DA:147,9
DA:157,3
DA:158,3
DA:159,1
DA:162,2
DA:163,2
DA:165,1
DA:170,1
DA:171,1
DA:173,2
DA:174,2
DA:175,2
DA:186,1
DA:187,1
DA:188,0
DA:191,1
DA:192,1
DA:194,2
DA:195,1
DA:200,1
DA:201,1
DA:203,0
DA:204,0
DA:205,0
DA:217,2
DA:218,2
DA:219,0
DA:222,2
DA:223,2
DA:225,2
DA:226,2
DA:227,2
DA:229,2
DA:231,1
DA:232,1
DA:234,1
DA:235,1
DA:236,1
DA:247,1
DA:248,1
DA:249,0
DA:252,1
DA:253,1
DA:255,1
DA:256,1
DA:258,0
DA:259,0
DA:260,0
DA:272,1
DA:273,1
DA:274,0
DA:277,1
DA:278,1
DA:280,1
DA:288,1
DA:289,1
DA:291,0
DA:292,0
DA:293,0
DA:305,0
DA:306,0
DA:307,0
DA:310,0
DA:311,0
DA:313,0
DA:321,0
DA:322,0
DA:324,0
DA:325,0
DA:326,0
DA:337,1
DA:338,1
DA:339,0
DA:342,1
DA:343,1
DA:345,1
DA:350,1
DA:351,1
DA:353,0
DA:354,0
DA:355,0
DA:366,0
DA:367,0
DA:368,0
DA:371,0
DA:372,0
DA:374,0
DA:379,0
DA:380,0
DA:382,0
DA:383,0
DA:384,0
DA:395,1
DA:396,1
DA:397,0
DA:400,1
DA:401,1
DA:403,1
DA:404,1
DA:406,0
DA:407,0
DA:408,0
DA:420,0
DA:421,0
DA:422,0
DA:425,0
DA:426,0
DA:428,0
DA:429,0
DA:431,0
DA:432,0
DA:433,0
DA:439,0
DA:440,0
DA:441,0
DA:446,0
DA:447,0
DA:448,0
DA:450,0
DA:454,0
DA:455,0
DA:456,0
DA:461,0
DA:462,0
DA:463,0
DA:468,2
LF:182
LH:106
BRDA:29,0,0,23
BRDA:29,0,1,16
BRDA:32,1,0,23
BRDA:32,1,1,23
BRDA:33,2,0,23
BRDA:33,2,1,23
BRDA:34,3,0,23
BRDA:34,3,1,23
BRDA:35,4,0,23
BRDA:35,4,1,23
BRDA:36,5,0,23
BRDA:36,5,1,23
BRDA:37,6,0,23
BRDA:37,6,1,23
BRDA:38,7,0,23
BRDA:38,7,1,23
BRDA:102,8,0,1
BRDA:102,8,1,0
BRDA:104,9,0,1
BRDA:104,9,1,0
BRDA:120,10,0,1
BRDA:120,10,1,0
BRDA:122,11,0,1
BRDA:122,11,1,0
BRDA:137,12,0,13
BRDA:137,12,1,9
BRDA:144,13,0,0
BRDA:158,14,0,1
BRDA:175,15,0,2
BRDA:175,15,1,0
BRDA:187,16,0,0
BRDA:205,17,0,0
BRDA:205,17,1,0
BRDA:214,18,0,1
BRDA:215,19,0,2
BRDA:218,20,0,0
BRDA:225,21,0,0
BRDA:226,22,0,0
BRDA:227,23,0,0
BRDA:236,24,0,1
BRDA:236,24,1,0
BRDA:248,25,0,0
BRDA:260,26,0,0
BRDA:260,26,1,0
BRDA:273,27,0,0
BRDA:284,28,0,1
BRDA:284,28,1,1
BRDA:293,29,0,0
BRDA:293,29,1,0
BRDA:306,30,0,0
BRDA:317,31,0,0
BRDA:317,31,1,0
BRDA:326,32,0,0
BRDA:326,32,1,0
BRDA:338,33,0,0
BRDA:355,34,0,0
BRDA:355,34,1,0
BRDA:367,35,0,0
BRDA:384,36,0,0
BRDA:384,36,1,0
BRDA:393,37,0,0
BRDA:396,38,0,0
BRDA:408,39,0,0
BRDA:408,39,1,0
BRDA:418,40,0,0
BRDA:421,41,0,0
BRDA:433,42,0,0
BRDA:433,42,1,0
BRDA:440,43,0,0
BRDA:441,44,0,0
BRDA:441,44,1,0
BRDA:445,45,0,0
BRDA:447,46,0,0
BRDA:448,47,0,0
BRDA:448,47,1,0
BRDA:450,48,0,0
BRDA:450,48,1,0
BRDA:455,49,0,0
BRDA:456,50,0,0
BRDA:456,50,1,0
BRDA:462,51,0,0
BRDA:463,52,0,0
BRDA:463,52,1,0
BRF:83
BRH:29
end_of_record
TN:
SF:src\types\index.ts
FN:118,(anonymous_0)
FNF:1
FNH:1
FNDA:4,(anonymous_0)
DA:118,4
DA:119,4
DA:120,4
DA:121,4
DA:122,4
DA:123,4
LF:6
LH:6
BRDA:118,0,0,4
BRDA:118,0,1,4
BRF:2
BRH:2
end_of_record
